This is XeTeX, Version 3.14159265-2.6-0.99991 (TeX Live 2014) (preloaded format=xelatex 2015.3.30)  1 JUN 2015 16:55
entering extended mode
 restricted \write18 enabled.
 file:line:error style messages enabled.
 %&-line parsing enabled.
**report.tex
(./report.tex
LaTeX2e <2014/05/01>
Babel <3.9k> and hyphenation patterns for 78 languages loaded.
(/usr/local/texlive/2014/texmf-dist/tex/latex/base/article.cls
Document Class: article 2007/10/19 v1.4h Standard LaTeX document class
(/usr/local/texlive/2014/texmf-dist/tex/latex/base/size10.clo
File: size10.clo 2007/10/19 v1.4h Standard LaTeX file (size option)
)
\c@part=\count80
\c@section=\count81
\c@subsection=\count82
\c@subsubsection=\count83
\c@paragraph=\count84
\c@subparagraph=\count85
\c@figure=\count86
\c@table=\count87
\abovecaptionskip=\skip41
\belowcaptionskip=\skip42
\bibindent=\dimen102
)
(/usr/local/texlive/2014/texmf-dist/tex/latex/listings/listings.sty
(/usr/local/texlive/2014/texmf-dist/tex/latex/graphics/keyval.sty
Package: keyval 2014/05/08 v1.15 key=value parser (DPC)
\KV@toks@=\toks14
)
\lst@mode=\count88
\lst@gtempboxa=\box26
\lst@token=\toks15
\lst@length=\count89
\lst@currlwidth=\dimen103
\lst@column=\count90
\lst@pos=\count91
\lst@lostspace=\dimen104
\lst@width=\dimen105
\lst@newlines=\count92
\lst@lineno=\count93
\lst@maxwidth=\dimen106

(/usr/local/texlive/2014/texmf-dist/tex/latex/listings/lstmisc.sty
File: lstmisc.sty 2014/03/04 1.5c (Carsten Heinz)
\c@lstnumber=\count94
\lst@skipnumbers=\count95
\lst@framebox=\box27
)
(/usr/local/texlive/2014/texmf-dist/tex/latex/listings/listings.cfg
File: listings.cfg 2014/03/04 1.5c listings configuration
))
Package: listings 2014/03/04 1.5c (Carsten Heinz)

(/usr/local/texlive/2014/texmf-dist/tex/latex/xcolor/xcolor.sty
Package: xcolor 2007/01/21 v2.11 LaTeX color extensions (UK)

(/usr/local/texlive/2014/texmf-dist/tex/latex/latexconfig/color.cfg
File: color.cfg 2007/01/18 v1.5 color configuration of teTeX/TeXLive
)
Package xcolor Info: Driver file: xetex.def on input line 225.

(/usr/local/texlive/2014/texmf-dist/tex/xelatex/xetex-def/xetex.def
File: xetex.def 2014/04/28 v4.01 LaTeX color/graphics driver for XeTeX (RRM/JK)

)
Package xcolor Info: Model `cmy' substituted by `cmy0' on input line 1337.
Package xcolor Info: Model `RGB' extended on input line 1353.
Package xcolor Info: Model `HTML' substituted by `rgb' on input line 1355.
Package xcolor Info: Model `Hsb' substituted by `hsb' on input line 1356.
Package xcolor Info: Model `tHsb' substituted by `hsb' on input line 1357.
Package xcolor Info: Model `HSB' substituted by `hsb' on input line 1358.
Package xcolor Info: Model `Gray' substituted by `gray' on input line 1359.
Package xcolor Info: Model `wave' substituted by `hsb' on input line 1360.
)
(/usr/local/texlive/2014/texmf-dist/tex/latex/fontspec/fontspec.sty
Package: fontspec 2013/05/20 v2.3c Font selection for XeLaTeX and LuaLaTeX

(/usr/local/texlive/2014/texmf-dist/tex/latex/l3kernel/expl3.sty
Package: expl3 2014/05/20 v4814 L3 programming layer (loader) 

(/usr/local/texlive/2014/texmf-dist/tex/generic/oberdiek/ifpdf.sty
Package: ifpdf 2011/01/30 v2.3 Provides the ifpdf switch (HO)
Package ifpdf Info: pdfTeX in PDF mode is not detected.
)
(/usr/local/texlive/2014/texmf-dist/tex/latex/l3kernel/expl3-code.tex
Package: expl3 2014/05/20 v4814 L3 programming layer (code) 
L3 Module: l3bootstrap 2014/05/16 v4782 L3 Bootstrap code

(/usr/local/texlive/2014/texmf-dist/tex/latex/etex-pkg/etex.sty
Package: etex 1998/03/26 v2.0 eTeX basic definition package (PEB)
\et@xins=\count96
)
L3 Module: l3names 2014/05/04 v4728 L3 Namespace for primitives
L3 Module: l3basics 2014/05/04 v4728 L3 Basic definitions
L3 Module: l3expan 2014/04/30 v4712 L3 Argument expansion
L3 Module: l3tl 2014/05/04 v4728 L3 Token lists
L3 Module: l3seq 2014/04/30 v4712 L3 Sequences and stacks
L3 Module: l3int 2014/05/16 v4776 L3 Integers
\c_max_int=\count97
\l_tmpa_int=\count98
\l_tmpb_int=\count99
\g_tmpa_int=\count100
\g_tmpb_int=\count101
L3 Module: l3quark 2014/05/04 v4728 L3 Quarks
L3 Module: l3prg 2014/05/04 v4728 L3 Control structures
\g__prg_map_int=\count102
L3 Module: l3clist 2014/05/04 v4728 L3 Comma separated lists
L3 Module: l3token 2014/05/04 v4728 L3 Experimental token manipulation
L3 Module: l3prop 2014/04/30 v4712 L3 Property lists
L3 Module: l3msg 2014/05/04 v4728 L3 Messages
L3 Module: l3file 2014/05/05 v4737 L3 File and I/O operations
\l_iow_line_count_int=\count103
\l__iow_target_count_int=\count104
\l__iow_current_line_int=\count105
\l__iow_current_word_int=\count106
\l__iow_current_indentation_int=\count107
L3 Module: l3skip 2014/05/05 v4738 L3 Dimensions and skips
\c_zero_dim=\dimen107
\c_max_dim=\dimen108
\l_tmpa_dim=\dimen109
\l_tmpb_dim=\dimen110
\g_tmpa_dim=\dimen111
\g_tmpb_dim=\dimen112
\c_zero_skip=\skip43
\c_max_skip=\skip44
\l_tmpa_skip=\skip45
\l_tmpb_skip=\skip46
\g_tmpa_skip=\skip47
\g_tmpb_skip=\skip48
\c_zero_muskip=\muskip10
\c_max_muskip=\muskip11
\l_tmpa_muskip=\muskip12
\l_tmpb_muskip=\muskip13
\g_tmpa_muskip=\muskip14
\g_tmpb_muskip=\muskip15
L3 Module: l3keys 2014/05/08 v4753 L3 Key-value interfaces
\g__keyval_level_int=\count108
\l_keys_choice_int=\count109
L3 Module: l3fp 2014/04/30 v4712 L3 Floating points
\c__fp_leading_shift_int=\count110
\c__fp_middle_shift_int=\count111
\c__fp_trailing_shift_int=\count112
\c__fp_big_leading_shift_int=\count113
\c__fp_big_middle_shift_int=\count114
\c__fp_big_trailing_shift_int=\count115
\c__fp_Bigg_leading_shift_int=\count116
\c__fp_Bigg_middle_shift_int=\count117
\c__fp_Bigg_trailing_shift_int=\count118
L3 Module: l3box 2014/05/04 v4728 L3 Experimental boxes
\c_empty_box=\box28
\l_tmpa_box=\box29
\l_tmpb_box=\box30
\g_tmpa_box=\box31
\g_tmpb_box=\box32
L3 Module: l3coffins 2014/05/04 v4728 L3 Coffin code layer
\l__coffin_internal_box=\box33
\l__coffin_internal_dim=\dimen113
\l__coffin_offset_x_dim=\dimen114
\l__coffin_offset_y_dim=\dimen115
\l__coffin_x_dim=\dimen116
\l__coffin_y_dim=\dimen117
\l__coffin_x_prime_dim=\dimen118
\l__coffin_y_prime_dim=\dimen119
\c_empty_coffin=\box34
\l__coffin_aligned_coffin=\box35
\l__coffin_aligned_internal_coffin=\box36
\l_tmpa_coffin=\box37
\l_tmpb_coffin=\box38
\l__coffin_display_coffin=\box39
\l__coffin_display_coord_coffin=\box40
\l__coffin_display_pole_coffin=\box41
\l__coffin_display_offset_dim=\dimen120
\l__coffin_display_x_dim=\dimen121
\l__coffin_display_y_dim=\dimen122
L3 Module: l3color 2014/04/30 v4712 L3 Experimental color support
L3 Module: l3luatex 2014/04/30 v4712 L3 Experimental LuaTeX-specific functions
\g__cctab_allocate_int=\count119
\g__cctab_stack_int=\count120
L3 Module: l3candidates 2014/05/04 v4734 L3 Experimental additions to l3kernel
\l__box_top_dim=\dimen123
\l__box_bottom_dim=\dimen124
\l__box_left_dim=\dimen125
\l__box_right_dim=\dimen126
\l__box_top_new_dim=\dimen127
\l__box_bottom_new_dim=\dimen128
\l__box_left_new_dim=\dimen129
\l__box_right_new_dim=\dimen130
\l__box_internal_box=\box42
\l__coffin_bounding_shift_dim=\dimen131
\l__coffin_left_corner_dim=\dimen132
\l__coffin_right_corner_dim=\dimen133
\l__coffin_bottom_corner_dim=\dimen134
\l__coffin_top_corner_dim=\dimen135
\l__coffin_scaled_total_height_dim=\dimen136
\l__coffin_scaled_width_dim=\dimen137
))
(/usr/local/texlive/2014/texmf-dist/tex/latex/l3packages/xparse/xparse.sty
Package: xparse 2014/05/05 v4740 L3 Experimental document command parser
\l__xparse_current_arg_int=\count121
\l__xparse_m_args_int=\count122
\l__xparse_mandatory_args_int=\count123
\l__xparse_processor_int=\count124
\l__xparse_v_nesting_int=\count125
)
\l_fontspec_script_int=\count126
\l_fontspec_language_int=\count127
\l_fontspec_strnum_int=\count128
\l_fontspec_tmpa_dim=\dimen138
\l_fontspec_tmpb_dim=\dimen139
\l_fontspec_tmpc_dim=\dimen140
Variant \tl_gset:cV already defined; not changing it on line 69

(/usr/local/texlive/2014/texmf-dist/tex/latex/fontspec/fontspec-patches.sty
Package: fontspec-patches 2013/05/20 v2.3c Font selection for XeLaTeX and LuaLa
TeX

(/usr/local/texlive/2014/texmf-dist/tex/latex/base/fixltx2e.sty
Package: fixltx2e 2014/05/13 v1.1q fixes to LaTeX
LaTeX Info: Redefining \em on input line 429.
)
LaTeX Info: Redefining \em on input line 22.
LaTeX Info: Redefining \emph on input line 30.
LaTeX Info: Redefining \- on input line 33.

*************************************************
* LaTeX warning: "xparse/redefine-command"
* 
* Redefining document command \oldstylenums with arg. spec. 'm' on line 128.
*************************************************
.................................................
. LaTeX info: "xparse/define-command"
. 
. Defining document command \liningnums with arg. spec. 'm' on line 132.
.................................................
) (/usr/local/texlive/2014/texmf-dist/tex/latex/fontspec/fontspec-xetex.sty
Package: fontspec-xetex 2013/05/20 v2.3c Font selection for XeLaTeX and LuaLaTe
X

(/usr/local/texlive/2014/texmf-dist/tex/latex/base/fontenc.sty
Package: fontenc 2005/09/27 v1.99g Standard LaTeX package

(/usr/local/texlive/2014/texmf-dist/tex/latex/euenc/eu1enc.def
File: eu1enc.def 2010/05/27 v0.1h Experimental Unicode font encodings
)
LaTeX Font Info:    Try loading font information for EU1+lmr on input line 100.


(/usr/local/texlive/2014/texmf-dist/tex/latex/euenc/eu1lmr.fd
File: eu1lmr.fd 2009/10/30 v1.6 Font defs for Latin Modern
))
(/usr/local/texlive/2014/texmf-dist/tex/xelatex/xunicode/xunicode.sty
File: xunicode.sty 2011/09/09 v0.981 provides access to latin accents and many 
other characters in Unicode lower plane

(/usr/local/texlive/2014/texmf-dist/tex/latex/tipa/t3enc.def
File: t3enc.def 2001/12/31 T3 encoding
LaTeX Font Info:    Try loading font information for EU1+lmss on input line 357
.

(/usr/local/texlive/2014/texmf-dist/tex/latex/euenc/eu1lmss.fd
File: eu1lmss.fd 2009/10/30 v1.6 Font defs for Latin Modern
))
\tipaTiiicode=\count129
\tipasavetokens=\toks16
\tipachecktokens=\toks17

(/usr/local/texlive/2014/texmf-dist/tex/latex/graphics/graphicx.sty
Package: graphicx 2014/04/25 v1.0g Enhanced LaTeX Graphics (DPC,SPQR)

(/usr/local/texlive/2014/texmf-dist/tex/latex/graphics/graphics.sty
Package: graphics 2009/02/05 v1.0o Standard LaTeX Graphics (DPC,SPQR)

(/usr/local/texlive/2014/texmf-dist/tex/latex/graphics/trig.sty
Package: trig 1999/03/16 v1.09 sin cos tan (DPC)
)
(/usr/local/texlive/2014/texmf-dist/tex/latex/latexconfig/graphics.cfg
File: graphics.cfg 2010/04/23 v1.9 graphics configuration of TeX Live
)
Package graphics Info: Driver file: xetex.def on input line 91.
)
\Gin@req@height=\dimen141
\Gin@req@width=\dimen142
))
.................................................
. LaTeX info: "xparse/define-command"
. 
. Defining document command \fontspec with arg. spec. 'O{}m' on line 41.
.................................................
.................................................
. LaTeX info: "xparse/define-command"
. 
. Defining document command \setmainfont with arg. spec. 'O{}m' on line 46.
.................................................
.................................................
. LaTeX info: "xparse/define-command"
. 
. Defining document command \setsansfont with arg. spec. 'O{}m' on line 51.
.................................................
.................................................
. LaTeX info: "xparse/define-command"
. 
. Defining document command \setmonofont with arg. spec. 'O{}m' on line 56.
.................................................
.................................................
. LaTeX info: "xparse/define-command"
. 
. Defining document command \setmathrm with arg. spec. 'O{}m' on line 65.
.................................................
.................................................
. LaTeX info: "xparse/define-command"
. 
. Defining document command \setboldmathrm with arg. spec. 'O{}m' on line 69.
.................................................
.................................................
. LaTeX info: "xparse/define-command"
. 
. Defining document command \setmathsf with arg. spec. 'O{}m' on line 73.
.................................................
.................................................
. LaTeX info: "xparse/define-command"
. 
. Defining document command \setmathtt with arg. spec. 'O{}m' on line 77.
.................................................
.................................................
. LaTeX info: "xparse/define-command"
. 
. Defining document command \newfontfamily with arg. spec. 'mO{}m' on line 96.
.................................................
.................................................
. LaTeX info: "xparse/define-command"
. 
. Defining document command \newfontface with arg. spec. 'mO{}m' on line 100.
.................................................
.................................................
. LaTeX info: "xparse/define-command"
. 
. Defining document command \defaultfontfeatures with arg. spec. 'om' on line
. 108.
.................................................
.................................................
. LaTeX info: "xparse/define-command"
. 
. Defining document command \addfontfeatures with arg. spec. 'm' on line 144.
.................................................
.................................................
. LaTeX info: "xparse/define-command"
. 
. Defining document command \newfontfeature with arg. spec. 'mm' on line 156.
.................................................
.................................................
. LaTeX info: "xparse/define-command"
. 
. Defining document command \newAATfeature with arg. spec. 'mmmm' on line 164.
.................................................
.................................................
. LaTeX info: "xparse/define-command"
. 
. Defining document command \newICUfeature with arg. spec. 'mmm' on line 172.
.................................................
.................................................
. LaTeX info: "xparse/define-command"
. 
. Defining document command \aliasfontfeature with arg. spec. 'mm' on line
. 201.
.................................................
.................................................
. LaTeX info: "xparse/define-command"
. 
. Defining document command \aliasfontfeatureoption with arg. spec. 'mmm' on
. line 203.
.................................................
.................................................
. LaTeX info: "xparse/define-command"
. 
. Defining document command \newfontscript with arg. spec. 'mm' on line 208.
.................................................
.................................................
. LaTeX info: "xparse/define-command"
. 
. Defining document command \newfontlanguage with arg. spec. 'mm' on line 235.
.................................................
.................................................
. LaTeX info: "xparse/define-command"
. 
. Defining document command \DeclareFontsExtensions with arg. spec. 'm' on
. line 256.
.................................................
Variant \prop_gput:cnV already defined; not changing it on line 582
Variant \prop_gput:cnx already defined; not changing it on line 583
\l_fontspec_tmp_int=\count130
LaTeX Info: Redefining \itshape on input line 2087.
LaTeX Info: Redefining \slshape on input line 2092.
LaTeX Info: Redefining \scshape on input line 2097.
LaTeX Info: Redefining \upshape on input line 2102.

(/usr/local/texlive/2014/texmf-dist/tex/latex/fontspec/fontspec.cfg)))
(/usr/local/texlive/2014/texmf-dist/tex/latex/fancyhdr/fancyhdr.sty
\fancy@headwidth=\skip49
\f@ncyO@elh=\skip50
\f@ncyO@erh=\skip51
\f@ncyO@olh=\skip52
\f@ncyO@orh=\skip53
\f@ncyO@elf=\skip54
\f@ncyO@erf=\skip55
\f@ncyO@olf=\skip56
\f@ncyO@orf=\skip57
)
\g__file_internal_ior=\read1
.................................................
. fontspec info: "no-scripts"
. 
. Font Lantinghei SC Extralight does not contain any OpenType `Script'
. information.
.................................................
\g_fontspec_family_Lantinghei SC Extralight_int=\count131
.................................................
. fontspec info: "no-font-shape"
. 
. Could not resolve font Lantinghei SC Extralight/B (it probably doesn't
. exist).
.................................................
.................................................
. fontspec info: "no-font-shape"
. 
. Could not resolve font Lantinghei SC Extralight/I (it probably doesn't
. exist).
.................................................
.................................................
. fontspec info: "no-font-shape"
. 
. Could not resolve font Lantinghei SC Extralight/BI (it probably doesn't
. exist).
.................................................
.................................................
. fontspec info: "defining-font"
. 
. Font family 'LantingheiSCExtralight(0)' created for font 'Lantinghei SC
. Extralight' with options [].
. 
. This font family consists of the following shapes:
. 
. * 'normal' with NFSS spec.:
. <->"Lantinghei SC Extralight/ICU:"
.................................................
\g_fontspec_family_Courier New_int=\count132
.................................................
. fontspec info: "defining-font"
. 
. Font family 'CourierNew(0)' created for font 'Courier New' with options [].
. 
. This font family consists of the following shapes:
. 
. * 'normal' with NFSS spec.:
. <->"Courier New/ICU:script=latn;language=DFLT;"
. 
. * 'bold' with NFSS spec.:
. <->"Courier New/B/ICU:script=latn;language=DFLT;"
. 
. * 'italic' with NFSS spec.:
. <->"Courier New/I/ICU:script=latn;language=DFLT;"
. 
. * 'bold italic' with NFSS spec.:
. <->"Courier New/BI/ICU:script=latn;language=DFLT;"
.................................................

(./report.aux)
\openout1 = `report.aux'.

LaTeX Font Info:    Checking defaults for OML/cmm/m/it on input line 32.
LaTeX Font Info:    ... okay on input line 32.
LaTeX Font Info:    Checking defaults for T1/cmr/m/n on input line 32.
LaTeX Font Info:    ... okay on input line 32.
LaTeX Font Info:    Checking defaults for OT1/cmr/m/n on input line 32.
LaTeX Font Info:    ... okay on input line 32.
LaTeX Font Info:    Checking defaults for OMS/cmsy/m/n on input line 32.
LaTeX Font Info:    ... okay on input line 32.
LaTeX Font Info:    Checking defaults for OMX/cmex/m/n on input line 32.
LaTeX Font Info:    ... okay on input line 32.
LaTeX Font Info:    Checking defaults for U/cmr/m/n on input line 32.
LaTeX Font Info:    ... okay on input line 32.
LaTeX Font Info:    Checking defaults for EU1/lmr/m/n on input line 32.
LaTeX Font Info:    ... okay on input line 32.
LaTeX Font Info:    Checking defaults for T3/cmr/m/n on input line 32.
LaTeX Font Info:    Try loading font information for T3+cmr on input line 32.
 (/usr/local/texlive/2014/texmf-dist/tex/latex/tipa/t3cmr.fd
File: t3cmr.fd 2001/12/31 TIPA font definitions
)
LaTeX Font Info:    ... okay on input line 32.
\c@lstlisting=\count133
.................................................
. fontspec info: "setup-math"
. 
. Adjusting the maths setup (use [no-math] to avoid this).
.................................................
\symlegacymaths=\mathgroup4
LaTeX Font Info:    Overwriting symbol font `legacymaths' in version `bold'
(Font)                  OT1/cmr/m/n --> OT1/cmr/bx/n on input line 32.
LaTeX Font Info:    Redeclaring math accent \acute on input line 32.
LaTeX Font Info:    Redeclaring math accent \grave on input line 32.
LaTeX Font Info:    Redeclaring math accent \ddot on input line 32.
LaTeX Font Info:    Redeclaring math accent \tilde on input line 32.
LaTeX Font Info:    Redeclaring math accent \bar on input line 32.
LaTeX Font Info:    Redeclaring math accent \breve on input line 32.
LaTeX Font Info:    Redeclaring math accent \check on input line 32.
LaTeX Font Info:    Redeclaring math accent \hat on input line 32.
LaTeX Font Info:    Redeclaring math accent \dot on input line 32.
LaTeX Font Info:    Redeclaring math accent \mathring on input line 32.
LaTeX Font Info:    Redeclaring math symbol \colon on input line 32.
LaTeX Font Info:    Redeclaring math symbol \Gamma on input line 32.
LaTeX Font Info:    Redeclaring math symbol \Delta on input line 32.
LaTeX Font Info:    Redeclaring math symbol \Theta on input line 32.
LaTeX Font Info:    Redeclaring math symbol \Lambda on input line 32.
LaTeX Font Info:    Redeclaring math symbol \Xi on input line 32.
LaTeX Font Info:    Redeclaring math symbol \Pi on input line 32.
LaTeX Font Info:    Redeclaring math symbol \Sigma on input line 32.
LaTeX Font Info:    Redeclaring math symbol \Upsilon on input line 32.
LaTeX Font Info:    Redeclaring math symbol \Phi on input line 32.
LaTeX Font Info:    Redeclaring math symbol \Psi on input line 32.
LaTeX Font Info:    Redeclaring math symbol \Omega on input line 32.
LaTeX Font Info:    Redeclaring math symbol \mathdollar on input line 32.
LaTeX Font Info:    Redeclaring symbol font `operators' on input line 32.
LaTeX Font Info:    Encoding `OT1' has changed to `EU1' for symbol font
(Font)              `operators' in the math version `normal' on input line 32.
LaTeX Font Info:    Overwriting symbol font `operators' in version `normal'
(Font)                  OT1/cmr/m/n --> EU1/LantingheiSCExtralight(0)/m/n on in
put line 32.
LaTeX Font Info:    Encoding `OT1' has changed to `EU1' for symbol font
(Font)              `operators' in the math version `bold' on input line 32.
LaTeX Font Info:    Overwriting symbol font `operators' in version `bold'
(Font)                  OT1/cmr/bx/n --> EU1/LantingheiSCExtralight(0)/m/n on i
nput line 32.
LaTeX Font Info:    Overwriting symbol font `operators' in version `normal'
(Font)                  EU1/LantingheiSCExtralight(0)/m/n --> EU1/LantingheiSCE
xtralight(0)/m/n on input line 32.
LaTeX Font Info:    Overwriting math alphabet `\mathrm' in version `normal'
(Font)                  EU1/LantingheiSCExtralight(0)/m/n --> EU1/LantingheiSCE
xtralight(0)/m/n on input line 32.
LaTeX Font Info:    Overwriting math alphabet `\mathit' in version `normal'
(Font)                  OT1/cmr/m/it --> EU1/LantingheiSCExtralight(0)/m/it on 
input line 32.
LaTeX Font Info:    Overwriting math alphabet `\mathbf' in version `normal'
(Font)                  OT1/cmr/bx/n --> EU1/LantingheiSCExtralight(0)/bx/n on 
input line 32.
LaTeX Font Info:    Overwriting math alphabet `\mathsf' in version `normal'
(Font)                  OT1/cmss/m/n --> EU1/lmss/m/n on input line 32.
LaTeX Font Info:    Overwriting math alphabet `\mathtt' in version `normal'
(Font)                  OT1/cmtt/m/n --> EU1/CourierNew(0)/m/n on input line 32
.
LaTeX Font Info:    Overwriting symbol font `operators' in version `bold'
(Font)                  EU1/LantingheiSCExtralight(0)/m/n --> EU1/LantingheiSCE
xtralight(0)/bx/n on input line 32.
LaTeX Font Info:    Overwriting math alphabet `\mathrm' in version `bold'
(Font)                  EU1/LantingheiSCExtralight(0)/m/n --> EU1/LantingheiSCE
xtralight(0)/bx/n on input line 32.
LaTeX Font Info:    Overwriting math alphabet `\mathit' in version `bold'
(Font)                  OT1/cmr/bx/it --> EU1/LantingheiSCExtralight(0)/bx/it o
n input line 32.
LaTeX Font Info:    Overwriting math alphabet `\mathsf' in version `bold'
(Font)                  OT1/cmss/bx/n --> EU1/lmss/bx/n on input line 32.
LaTeX Font Info:    Overwriting math alphabet `\mathtt' in version `bold'
(Font)                  OT1/cmtt/m/n --> EU1/CourierNew(0)/bx/n on input line 3
2.
LaTeX Font Info:    External font `cmex10' loaded for size
(Font)              <12> on input line 37.
LaTeX Font Info:    External font `cmex10' loaded for size
(Font)              <8> on input line 37.
LaTeX Font Info:    External font `cmex10' loaded for size
(Font)              <6> on input line 37.


LaTeX Font Warning: Font shape `EU1/LantingheiSCExtralight(0)/bx/n' undefined
(Font)              using `EU1/LantingheiSCExtralight(0)/m/n' instead on input 
line 38.


Underfull \hbox (badness 10000) in paragraph at lines 40--44

 []

(/usr/local/texlive/2014/texmf-dist/tex/latex/listings/lstlang1.sty
File: lstlang1.sty 2014/03/04 1.5c listings language file
)
(/usr/local/texlive/2014/texmf-dist/tex/latex/listings/lstmisc.sty
File: lstmisc.sty 2014/03/04 1.5c (Carsten Heinz)
)
Underfull \hbox (badness 10000) in paragraph at lines 46--50

 []

File: Illustrations/flow.png Graphic file (type QTm)
<use  "Illustrations/flow.png" > [1

]
Underfull \hbox (badness 10000) in paragraph at lines 85--105

 []


Underfull \hbox (badness 10000) in paragraph at lines 85--105

 []


Underfull \hbox (badness 10000) in paragraph at lines 85--105

 []


Underfull \hbox (badness 10000) in paragraph at lines 85--105

 []


LaTeX Font Warning: Font shape `EU1/LantingheiSCExtralight(0)/m/sl' undefined
(Font)              using `EU1/LantingheiSCExtralight(0)/m/n' instead on input 
line 106.

[2]
Underfull \hbox (badness 10000) in paragraph at lines 111--126

 []


Underfull \hbox (badness 10000) in paragraph at lines 111--126

 []

.................................................
. fontspec info: "no-scripts"
. 
. Font Lantinghei SC Extralight does not contain any OpenType `Script'
. information.
.................................................
.................................................
. fontspec info: "defining-font"
. 
. Font family 'LantingheiSCExtralight(0)' created for font 'Lantinghei SC
. Extralight' with options [].
. 
. This font family consists of the following shapes:
.................................................
Missing character: There is no   in font Lantinghei SC Extralight/OT!
Missing character: There is no   in font Lantinghei SC Extralight/OT!
Missing character: There is no   in font Lantinghei SC Extralight/OT!
Missing character: There is no   in font Lantinghei SC Extralight/OT!
Missing character: There is no   in font Lantinghei SC Extralight/OT!
Missing character: There is no   in font Lantinghei SC Extralight/OT!
Missing character: There is no   in font Lantinghei SC Extralight/OT!
Missing character: There is no   in font Lantinghei SC Extralight/OT!
Missing character: There is no   in font Lantinghei SC Extralight/OT!
Missing character: There is no   in font Lantinghei SC Extralight/OT!
Missing character: There is no   in font Lantinghei SC Extralight/OT!
Missing character: There is no   in font Lantinghei SC Extralight/OT!
Missing character: There is no   in font Lantinghei SC Extralight/OT!
Missing character: There is no   in font Lantinghei SC Extralight/OT!
Missing character: There is no   in font Lantinghei SC Extralight/OT!
Missing character: There is no   in font Lantinghei SC Extralight/OT!
Missing character: There is no   in font Lantinghei SC Extralight/OT!
Missing character: There is no   in font Lantinghei SC Extralight/OT!
Missing character: There is no   in font Lantinghei SC Extralight/OT!
Missing character: There is no   in font Lantinghei SC Extralight/OT!
Missing character: There is no   in font Lantinghei SC Extralight/OT!
Missing character: There is no   in font Lantinghei SC Extralight/OT!
Missing character: There is no   in font Lantinghei SC Extralight/OT!
Missing character: There is no   in font Lantinghei SC Extralight/OT!
Missing character: There is no   in font Lantinghei SC Extralight/OT!
Missing character: There is no   in font Lantinghei SC Extralight/OT!
Missing character: There is no   in font Lantinghei SC Extralight/OT!
Missing character: There is no   in font Lantinghei SC Extralight/OT!
.................................................
. fontspec info: "defining-font"
. 
. Font family 'CourierNew(0)' created for font 'Courier New' with options [].
. 
. This font family consists of the following shapes:
.................................................
[3]
LaTeX Font Info:    External font `cmex10' loaded for size
(Font)              <7> on input line 213.
LaTeX Font Info:    External font `cmex10' loaded for size
(Font)              <5> on input line 213.


LaTeX Font Warning: Font shape `EU1/LantingheiSCExtralight(0)/m/it' undefined
(Font)              using `EU1/LantingheiSCExtralight(0)/m/n' instead on input 
line 222.


Overfull \hbox (21.23865pt too wide) in paragraph at lines 241--243
\EU1/LantingheiSCExtralight(0)/m/sl/10 塞 当 前 进 程。 sitoindex() 函 数 将 之 前 保 存 在 s
i 中 的 信 号 量 拷 贝 到[]\EU1/CourierNew(0)/m/n/10 s_index\EU1/LantingheiSCExtralight
(0)/m/sl/10 中，
 []

[4] [5] [6]
Underfull \hbox (badness 10000) in paragraph at lines 405--424

 []


Underfull \hbox (badness 10000) in paragraph at lines 405--424

 []


Underfull \hbox (badness 10000) in paragraph at lines 405--424

 []


Underfull \hbox (badness 10000) in paragraph at lines 405--424

 []


Underfull \hbox (badness 10000) in paragraph at lines 405--424

 []

[7] (./report.aux)

LaTeX Font Warning: Some font shapes were not available, defaults substituted.

 ) 
Here is how much of TeX's memory you used:
 14781 strings out of 493734
 295139 string characters out of 6146348
 393987 words of memory out of 5000000
 18027 multiletter control sequences out of 15000+600000
 6552 words of font info for 45 fonts, out of 8000000 for 9000
 1328 hyphenation exceptions out of 8191
 46i,12n,51p,10378b,1675s stack positions out of 5000i,500n,10000p,200000b,80000s

Output written on report.pdf (7 pages).
